<?xml version="1.0" encoding="UTF-8" ?>

<testsuite failures="0" time="0.055" errors="0" skipped="0" tests="4" name="UserTest">
  <testcase classname="UserTest" name="testCreateUser" time="0.012">
      </testcase>
  <testcase classname="UserTest" name="testUpdateUser" time="0.007">
      </testcase>
  <testcase classname="UserTest" name="testDeleteUser" time="0.006">
      </testcase>
  <testcase classname="UserTest" name="testCreateUserWithBlogPagePostCommentSubComment" time="0.03">
      </testcase>
</testsuite>
